GROUP,PACKAGE,CLASS,INSTRUCTION_MISSED,INSTRUCTION_COVERED,BRANCH_MISSED,BRANCH_COVERED,LINE_MISSED,LINE_COVERED,COMPLEXITY_MISSED,COMPLEXITY_COVERED,METHOD_MISSED,METHOD_COVERED
essex,com.agilefrontiers,Card.Suit,0,44,0,0,0,2,0,1,0,1
essex,com.agilefrontiers,Card,0,56,0,4,0,9,0,8,0,6
essex,com.agilefrontiers,Util,0,11,0,0,0,1,0,1,0,1
essex,com.agilefrontiers,Deck.new Comparator() {...},0,26,0,2,0,4,0,3,0,2
essex,com.agilefrontiers,Deck,0,117,0,8,0,24,0,11,0,7
essex,com.agilefrontiers,Card.Value,0,134,0,0,0,2,0,1,0,1
essex,com.agilefrontiers,Player,0,55,0,2,0,15,0,6,0,5
essex,com.agilefrontiers,Game,0,116,0,8,0,19,0,8,0,4
